
=== OPTUNA RUN STARTED 2025-07-07 10:24:17.814987 ===
Trial 0
  Fold 1 AUC: 0.77975
  Fold 2 AUC: 0.78690
  Fold 3 AUC: 0.78224
  Fold 4 AUC: 0.78788
  Fold 5 AUC: 0.78115
Mean AUC: 0.78358
Params: {'n_estimators': 500, 'learning_rate': 0.023688639503640783, 'max_depth': 7, 'subsample': 0.892797576724562, 'colsample_bytree': 0.8394633936788146, 'gamma': 0.7800932022121826, 'reg_alpha': 0.7799726016810132, 'reg_lambda': 0.2904180608409973, 'scale_pos_weight': 11.387150050352467, 'use_label_encoder': False, 'eval_metric': 'auc', 'enable_categorical': True, 'n_jobs': 1, 'random_state': 42}

Trial 1
  Fold 1 AUC: 0.77891
  Fold 2 AUC: 0.78643
  Fold 3 AUC: 0.78117
  Fold 4 AUC: 0.78717
  Fold 5 AUC: 0.78095
Mean AUC: 0.78293
Params: {'n_estimators': 500, 'learning_rate': 0.07348118405270448, 'max_depth': 6, 'subsample': 0.8832290311184181, 'colsample_bytree': 0.608233797718321, 'gamma': 4.8495492608099715, 'reg_alpha': 4.162213204002109, 'reg_lambda': 1.0616955533913808, 'scale_pos_weight': 11.387150050352467, 'use_label_encoder': False, 'eval_metric': 'auc', 'enable_categorical': True, 'n_jobs': 1, 'random_state': 42}

Trial 2
  Fold 1 AUC: 0.77154
  Fold 2 AUC: 0.77972
  Fold 3 AUC: 0.77205
  Fold 4 AUC: 0.77948
  Fold 5 AUC: 0.76921
Mean AUC: 0.77440
Params: {'n_estimators': 500, 'learning_rate': 0.015199348301309814, 'max_depth': 3, 'subsample': 0.7216968971838151, 'colsample_bytree': 0.8099025726528951, 'gamma': 2.1597250932105787, 'reg_alpha': 1.4561457009902097, 'reg_lambda': 3.0592644736118975, 'scale_pos_weight': 11.387150050352467, 'use_label_encoder': False, 'eval_metric': 'auc', 'enable_categorical': True, 'n_jobs': 1, 'random_state': 42}

Trial 3
  Fold 1 AUC: 0.77535
  Fold 2 AUC: 0.78363
  Fold 3 AUC: 0.77664
  Fold 4 AUC: 0.78330
  Fold 5 AUC: 0.77373
Mean AUC: 0.77853
Params: {'n_estimators': 500, 'learning_rate': 0.013787764619353767, 'max_depth': 4, 'subsample': 0.7465447373174767, 'colsample_bytree': 0.7824279936868144, 'gamma': 3.925879806965068, 'reg_alpha': 0.9983689107917987, 'reg_lambda': 2.571172192068058, 'scale_pos_weight': 11.387150050352467, 'use_label_encoder': False, 'eval_metric': 'auc', 'enable_categorical': True, 'n_jobs': 1, 'random_state': 42}

Trial 4
  Fold 1 AUC: 0.78153
  Fold 2 AUC: 0.79090
  Fold 3 AUC: 0.78324
  Fold 4 AUC: 0.78905
  Fold 5 AUC: 0.78207
Mean AUC: 0.78536
Params: {'n_estimators': 500, 'learning_rate': 0.03912141628549695, 'max_depth': 3, 'subsample': 0.8430179407605753, 'colsample_bytree': 0.6682096494749166, 'gamma': 0.3252579649263976, 'reg_alpha': 4.7444276862666666, 'reg_lambda': 4.828160165372797, 'scale_pos_weight': 11.387150050352467, 'use_label_encoder': False, 'eval_metric': 'auc', 'enable_categorical': True, 'n_jobs': 1, 'random_state': 42}

Trial 5
  Fold 1 AUC: 0.78358
  Fold 2 AUC: 0.79180
  Fold 3 AUC: 0.78374
  Fold 4 AUC: 0.79051
  Fold 5 AUC: 0.78393
Mean AUC: 0.78671
Params: {'n_estimators': 500, 'learning_rate': 0.06432759992849894, 'max_depth': 4, 'subsample': 0.6390688456025535, 'colsample_bytree': 0.8736932106048627, 'gamma': 2.2007624686980067, 'reg_alpha': 0.6101911742238941, 'reg_lambda': 2.475884550556351, 'scale_pos_weight': 11.387150050352467, 'use_label_encoder': False, 'eval_metric': 'auc', 'enable_categorical': True, 'n_jobs': 1, 'random_state': 42}

Trial 6
  Fold 1 AUC: 0.77867
  Fold 2 AUC: 0.78598
  Fold 3 AUC: 0.77988
  Fold 4 AUC: 0.78613
  Fold 5 AUC: 0.77791
Mean AUC: 0.78171
Params: {'n_estimators': 500, 'learning_rate': 0.01082401838150096, 'max_depth': 7, 'subsample': 0.7035119926400067, 'colsample_bytree': 0.8650089137415928, 'gamma': 1.5585553804470549, 'reg_alpha': 2.600340105889054, 'reg_lambda': 2.7335513967163982, 'scale_pos_weight': 11.387150050352467, 'use_label_encoder': False, 'eval_metric': 'auc', 'enable_categorical': True, 'n_jobs': 1, 'random_state': 42}

Trial 7
  Fold 1 AUC: 0.78088
  Fold 2 AUC: 0.78938
  Fold 3 AUC: 0.78231
  Fold 4 AUC: 0.78873
  Fold 5 AUC: 0.78081
Mean AUC: 0.78442
Params: {'n_estimators': 500, 'learning_rate': 0.015305744365500184, 'max_depth': 7, 'subsample': 0.9100531293444458, 'colsample_bytree': 0.9757995766256756, 'gamma': 4.474136752138244, 'reg_alpha': 2.9894998940554256, 'reg_lambda': 4.609371175115584, 'scale_pos_weight': 11.387150050352467, 'use_label_encoder': False, 'eval_metric': 'auc', 'enable_categorical': True, 'n_jobs': 1, 'random_state': 42}

Trial 8
  Fold 1 AUC: 0.76837
  Fold 2 AUC: 0.77621
  Fold 3 AUC: 0.76889
  Fold 4 AUC: 0.77616
  Fold 5 AUC: 0.76556
Mean AUC: 0.77104
Params: {'n_estimators': 500, 'learning_rate': 0.012260057359187526, 'max_depth': 3, 'subsample': 0.6180909155642152, 'colsample_bytree': 0.7301321323053057, 'gamma': 1.9433864484474102, 'reg_alpha': 1.3567451588694794, 'reg_lambda': 4.143687545759647, 'scale_pos_weight': 11.387150050352467, 'use_label_encoder': False, 'eval_metric': 'auc', 'enable_categorical': True, 'n_jobs': 1, 'random_state': 42}

Trial 9
  Fold 1 AUC: 0.78021
  Fold 2 AUC: 0.78923
  Fold 3 AUC: 0.78225
  Fold 4 AUC: 0.78854
  Fold 5 AUC: 0.78019
Mean AUC: 0.78408
Params: {'n_estimators': 500, 'learning_rate': 0.02273805573563183, 'max_depth': 4, 'subsample': 0.8170784332632994, 'colsample_bytree': 0.6563696899899051, 'gamma': 4.010984903770199, 'reg_alpha': 0.3727532183988541, 'reg_lambda': 4.9344346830025865, 'scale_pos_weight': 11.387150050352467, 'use_label_encoder': False, 'eval_metric': 'auc', 'enable_categorical': True, 'n_jobs': 1, 'random_state': 42}

Trial 10
  Fold 1 AUC: 0.77877
  Fold 2 AUC: 0.78319
  Fold 3 AUC: 0.77884
  Fold 4 AUC: 0.78691
  Fold 5 AUC: 0.77916
Mean AUC: 0.78137
Params: {'n_estimators': 500, 'learning_rate': 0.09471679262638866, 'max_depth': 5, 'subsample': 0.9878148443151463, 'colsample_bytree': 0.9481974559098771, 'gamma': 3.2004425123377827, 'reg_alpha': 2.0321442995813213, 'reg_lambda': 1.6552304085829206, 'scale_pos_weight': 11.387150050352467, 'use_label_encoder': False, 'eval_metric': 'auc', 'enable_categorical': True, 'n_jobs': 1, 'random_state': 42}

Trial 11
  Fold 1 AUC: 0.78479
  Fold 2 AUC: 0.79425
  Fold 3 AUC: 0.78666
  Fold 4 AUC: 0.79173
  Fold 5 AUC: 0.78377
Mean AUC: 0.78824
Params: {'n_estimators': 500, 'learning_rate': 0.04763479755501962, 'max_depth': 4, 'subsample': 0.6027465587018322, 'colsample_bytree': 0.9029275796221661, 'gamma': 0.038977407918226736, 'reg_alpha': 4.623808979969583, 'reg_lambda': 3.7298652021296856, 'scale_pos_weight': 11.387150050352467, 'use_label_encoder': False, 'eval_metric': 'auc', 'enable_categorical': True, 'n_jobs': 1, 'random_state': 42}

Trial 12
  Fold 1 AUC: 0.78299
  Fold 2 AUC: 0.79224
  Fold 3 AUC: 0.78522
  Fold 4 AUC: 0.79030
  Fold 5 AUC: 0.78206
Mean AUC: 0.78656
Params: {'n_estimators': 500, 'learning_rate': 0.04940007952607592, 'max_depth': 5, 'subsample': 0.6043759738265944, 'colsample_bytree': 0.9070503990803165, 'gamma': 1.1144611900458914, 'reg_alpha': 3.503880213558963, 'reg_lambda': 3.690182232215806, 'scale_pos_weight': 11.387150050352467, 'use_label_encoder': False, 'eval_metric': 'auc', 'enable_categorical': True, 'n_jobs': 1, 'random_state': 42}

Trial 13
  Fold 1 AUC: 0.78259
  Fold 2 AUC: 0.79189
  Fold 3 AUC: 0.78491
  Fold 4 AUC: 0.79078
  Fold 5 AUC: 0.78394
Mean AUC: 0.78682
Params: {'n_estimators': 500, 'learning_rate': 0.0572829804268702, 'max_depth': 4, 'subsample': 0.6615896174985625, 'colsample_bytree': 0.8994511400781707, 'gamma': 2.876697263037214, 'reg_alpha': 0.10132438949052525, 'reg_lambda': 1.8106190788021885, 'scale_pos_weight': 11.387150050352467, 'use_label_encoder': False, 'eval_metric': 'auc', 'enable_categorical': True, 'n_jobs': 1, 'random_state': 42}

Trial 14
  Fold 1 AUC: 0.78379
  Fold 2 AUC: 0.79310
  Fold 3 AUC: 0.78552
  Fold 4 AUC: 0.79251
  Fold 5 AUC: 0.78416
Mean AUC: 0.78782
Params: {'n_estimators': 500, 'learning_rate': 0.0423697860547376, 'max_depth': 4, 'subsample': 0.6757235889157337, 'colsample_bytree': 0.9257883833750513, 'gamma': 2.954038992607805, 'reg_alpha': 4.982405300568481, 'reg_lambda': 1.637241644525111, 'scale_pos_weight': 11.387150050352467, 'use_label_encoder': False, 'eval_metric': 'auc', 'enable_categorical': True, 'n_jobs': 1, 'random_state': 42}

Trial 15
  Fold 1 AUC: 0.78447
  Fold 2 AUC: 0.79314
  Fold 3 AUC: 0.78672
  Fold 4 AUC: 0.79232
  Fold 5 AUC: 0.78527
Mean AUC: 0.78839
Params: {'n_estimators': 500, 'learning_rate': 0.03733773997553689, 'max_depth': 5, 'subsample': 0.685455074227567, 'colsample_bytree': 0.9961553123066874, 'gamma': 3.2325170916030475, 'reg_alpha': 4.997382018109617, 'reg_lambda': 3.4545254228881466, 'scale_pos_weight': 11.387150050352467, 'use_label_encoder': False, 'eval_metric': 'auc', 'enable_categorical': True, 'n_jobs': 1, 'random_state': 42}

Trial 16
  Fold 1 AUC: 0.78431
  Fold 2 AUC: 0.79058
  Fold 3 AUC: 0.78574
  Fold 4 AUC: 0.79044
  Fold 5 AUC: 0.78359
Mean AUC: 0.78693
Params: {'n_estimators': 500, 'learning_rate': 0.03057103879644722, 'max_depth': 6, 'subsample': 0.7484917982156983, 'colsample_bytree': 0.9925446729416921, 'gamma': 0.10361282157011983, 'reg_alpha': 4.120283897107202, 'reg_lambda': 3.7640171237761595, 'scale_pos_weight': 11.387150050352467, 'use_label_encoder': False, 'eval_metric': 'auc', 'enable_categorical': True, 'n_jobs': 1, 'random_state': 42}

Trial 17
  Fold 1 AUC: 0.78378
  Fold 2 AUC: 0.79131
  Fold 3 AUC: 0.78484
  Fold 4 AUC: 0.79080
  Fold 5 AUC: 0.78374
Mean AUC: 0.78689
Params: {'n_estimators': 500, 'learning_rate': 0.033147805416646546, 'max_depth': 6, 'subsample': 0.7751752072848527, 'colsample_bytree': 0.999278278276198, 'gamma': 3.5671017750519183, 'reg_alpha': 4.117415925903428, 'reg_lambda': 3.3335508681891106, 'scale_pos_weight': 11.387150050352467, 'use_label_encoder': False, 'eval_metric': 'auc', 'enable_categorical': True, 'n_jobs': 1, 'random_state': 42}

Trial 18
  Fold 1 AUC: 0.78370
  Fold 2 AUC: 0.79173
  Fold 3 AUC: 0.78504
  Fold 4 AUC: 0.79074
  Fold 5 AUC: 0.78344
Mean AUC: 0.78693
Params: {'n_estimators': 500, 'learning_rate': 0.027357356740882743, 'max_depth': 5, 'subsample': 0.6861542802445044, 'colsample_bytree': 0.9438599500782205, 'gamma': 1.3182806541255967, 'reg_alpha': 3.451240372686186, 'reg_lambda': 4.2923943802379245, 'scale_pos_weight': 11.387150050352467, 'use_label_encoder': False, 'eval_metric': 'auc', 'enable_categorical': True, 'n_jobs': 1, 'random_state': 42}

Trial 19
  Fold 1 AUC: 0.78175
  Fold 2 AUC: 0.79072
  Fold 3 AUC: 0.78313
  Fold 4 AUC: 0.78919
  Fold 5 AUC: 0.78079
Mean AUC: 0.78512
Params: {'n_estimators': 500, 'learning_rate': 0.01887847824812518, 'max_depth': 5, 'subsample': 0.6487605796613544, 'colsample_bytree': 0.7625456624516013, 'gamma': 2.6264560758955553, 'reg_alpha': 4.555923226315277, 'reg_lambda': 3.6979435753494045, 'scale_pos_weight': 11.387150050352467, 'use_label_encoder': False, 'eval_metric': 'auc', 'enable_categorical': True, 'n_jobs': 1, 'random_state': 42}

Trial 20
  Fold 1 AUC: 0.77909
  Fold 2 AUC: 0.78658
  Fold 3 AUC: 0.78197
  Fold 4 AUC: 0.78596
  Fold 5 AUC: 0.78050
Mean AUC: 0.78282
Params: {'n_estimators': 500, 'learning_rate': 0.07933911341947052, 'max_depth': 5, 'subsample': 0.6040657667664778, 'colsample_bytree': 0.9615340234330991, 'gamma': 3.5354349434443986, 'reg_alpha': 3.524244372155777, 'reg_lambda': 3.1738961957410217, 'scale_pos_weight': 11.387150050352467, 'use_label_encoder': False, 'eval_metric': 'auc', 'enable_categorical': True, 'n_jobs': 1, 'random_state': 42}

Trial 21
  Fold 1 AUC: 0.78397
  Fold 2 AUC: 0.79317
  Fold 3 AUC: 0.78644
  Fold 4 AUC: 0.79235
  Fold 5 AUC: 0.78517
Mean AUC: 0.78822
Params: {'n_estimators': 500, 'learning_rate': 0.044692968329112646, 'max_depth': 4, 'subsample': 0.6797806635294176, 'colsample_bytree': 0.9145565741655133, 'gamma': 2.9976814255767623, 'reg_alpha': 4.967090481962831, 'reg_lambda': 2.0048311882612473, 'scale_pos_weight': 11.387150050352467, 'use_label_encoder': False, 'eval_metric': 'auc', 'enable_categorical': True, 'n_jobs': 1, 'random_state': 42}

Trial 22
  Fold 1 AUC: 0.78510
  Fold 2 AUC: 0.79340
  Fold 3 AUC: 0.78567
  Fold 4 AUC: 0.79213
  Fold 5 AUC: 0.78503
Mean AUC: 0.78827
Params: {'n_estimators': 500, 'learning_rate': 0.04535378618957969, 'max_depth': 4, 'subsample': 0.723924150921546, 'colsample_bytree': 0.8726929995226776, 'gamma': 3.3659876662660855, 'reg_alpha': 4.458898387850634, 'reg_lambda': 2.220700096712316, 'scale_pos_weight': 11.387150050352467, 'use_label_encoder': False, 'eval_metric': 'auc', 'enable_categorical': True, 'n_jobs': 1, 'random_state': 42}

Trial 23
  Fold 1 AUC: 0.78103
  Fold 2 AUC: 0.79062
  Fold 3 AUC: 0.78279
  Fold 4 AUC: 0.78834
  Fold 5 AUC: 0.78033
Mean AUC: 0.78462
Params: {'n_estimators': 500, 'learning_rate': 0.036468331857678796, 'max_depth': 3, 'subsample': 0.7194933307793792, 'colsample_bytree': 0.8375365247484938, 'gamma': 4.192935333529579, 'reg_alpha': 4.443005751949168, 'reg_lambda': 2.2474336489773843, 'scale_pos_weight': 11.387150050352467, 'use_label_encoder': False, 'eval_metric': 'auc', 'enable_categorical': True, 'n_jobs': 1, 'random_state': 42}

Trial 24
  Fold 1 AUC: 0.78409
  Fold 2 AUC: 0.79216
  Fold 3 AUC: 0.78474
  Fold 4 AUC: 0.79211
  Fold 5 AUC: 0.78334
Mean AUC: 0.78729
Params: {'n_estimators': 500, 'learning_rate': 0.052085768506450816, 'max_depth': 5, 'subsample': 0.6372206838044818, 'colsample_bytree': 0.888012947356873, 'gamma': 3.6814654399430413, 'reg_alpha': 3.808855635934382, 'reg_lambda': 2.806479286506659, 'scale_pos_weight': 11.387150050352467, 'use_label_encoder': False, 'eval_metric': 'auc', 'enable_categorical': True, 'n_jobs': 1, 'random_state': 42}

Trial 25
  Fold 1 AUC: 0.78493
  Fold 2 AUC: 0.79349
  Fold 3 AUC: 0.78675
  Fold 4 AUC: 0.79222
  Fold 5 AUC: 0.78602
Mean AUC: 0.78868
Params: {'n_estimators': 500, 'learning_rate': 0.06063334821112484, 'max_depth': 4, 'subsample': 0.7879259337101081, 'colsample_bytree': 0.8268788614465103, 'gamma': 2.5022583335810236, 'reg_alpha': 4.3795125828358215, 'reg_lambda': 1.3088969891724447, 'scale_pos_weight': 11.387150050352467, 'use_label_encoder': False, 'eval_metric': 'auc', 'enable_categorical': True, 'n_jobs': 1, 'random_state': 42}

Trial 26
  Fold 1 AUC: 0.78067
  Fold 2 AUC: 0.78823
  Fold 3 AUC: 0.78227
  Fold 4 AUC: 0.78740
  Fold 5 AUC: 0.78174
Mean AUC: 0.78406
Params: {'n_estimators': 500, 'learning_rate': 0.057435952309201586, 'max_depth': 6, 'subsample': 0.786169799770249, 'colsample_bytree': 0.7299441762548201, 'gamma': 3.180158610196843, 'reg_alpha': 2.8879573326934764, 'reg_lambda': 0.9557187177030156, 'scale_pos_weight': 11.387150050352467, 'use_label_encoder': False, 'eval_metric': 'auc', 'enable_categorical': True, 'n_jobs': 1, 'random_state': 42}

Trial 27
  Fold 1 AUC: 0.78456
  Fold 2 AUC: 0.79305
  Fold 3 AUC: 0.78622
  Fold 4 AUC: 0.79223
  Fold 5 AUC: 0.78601
Mean AUC: 0.78841
Params: {'n_estimators': 500, 'learning_rate': 0.06745089940151251, 'max_depth': 4, 'subsample': 0.8308765817874851, 'colsample_bytree': 0.8227981324357171, 'gamma': 2.5235463212846554, 'reg_alpha': 3.7865738307168053, 'reg_lambda': 1.2175500580059717, 'scale_pos_weight': 11.387150050352467, 'use_label_encoder': False, 'eval_metric': 'auc', 'enable_categorical': True, 'n_jobs': 1, 'random_state': 42}

Trial 28
  Fold 1 AUC: 0.77983
  Fold 2 AUC: 0.78561
  Fold 3 AUC: 0.78006
  Fold 4 AUC: 0.78753
  Fold 5 AUC: 0.78244
Mean AUC: 0.78310
Params: {'n_estimators': 500, 'learning_rate': 0.09444888600669991, 'max_depth': 5, 'subsample': 0.8399289234848687, 'colsample_bytree': 0.8308525665442995, 'gamma': 2.3908716440106508, 'reg_alpha': 3.912791207602966, 'reg_lambda': 0.15029480062731881, 'scale_pos_weight': 11.387150050352467, 'use_label_encoder': False, 'eval_metric': 'auc', 'enable_categorical': True, 'n_jobs': 1, 'random_state': 42}

Trial 29
  Fold 1 AUC: 0.78426
  Fold 2 AUC: 0.79378
  Fold 3 AUC: 0.78586
  Fold 4 AUC: 0.79181
  Fold 5 AUC: 0.78499
Mean AUC: 0.78814
Params: {'n_estimators': 500, 'learning_rate': 0.06964665003783937, 'max_depth': 3, 'subsample': 0.8941997337242791, 'colsample_bytree': 0.7485202093651706, 'gamma': 1.8806162024000779, 'reg_alpha': 3.1600551918555855, 'reg_lambda': 0.7404395008849721, 'scale_pos_weight': 11.387150050352467, 'use_label_encoder': False, 'eval_metric': 'auc', 'enable_categorical': True, 'n_jobs': 1, 'random_state': 42}


Beste AUC: 0.78868
Beste Parameter:
learning_rate: 0.06063334821112484
max_depth: 4
subsample: 0.7879259337101081
colsample_bytree: 0.8268788614465103
gamma: 2.5022583335810236
reg_alpha: 4.3795125828358215
reg_lambda: 1.3088969891724447



=== OPTUNA RUN STARTED 2025-07-08 12:08:18.938435 ===

Trial 0, params: {'n_estimators': 687, 'learning_rate': 0.08927180304353628, 'max_depth': 6, 'subsample': 0.8394633936788146, 'colsample_bytree': 0.6624074561769746, 'gamma': 0.7799726016810132, 'reg_alpha': 0.2904180608409973, 'reg_lambda': 4.330880728874676, 'scale_pos_weight': 11.387150050352467, 'use_label_encoder': False, 'enable_categorical': True, 'eval_metric': 'auc', 'tree_method': 'hist', 'early_stopping_rounds': 50, 'random_state': 42, 'n_jobs': 3}
Fold 1: iters=158, AUC=0.78040
Fold 2: iters=140, AUC=0.78813
Fold 3: iters=197, AUC=0.78100
Fold 4: iters=140, AUC=0.78752
Fold 5: iters=173, AUC=0.78039
Mean AUC: 0.78349
Trial 1, params: {'n_estimators': 801, 'learning_rate': 0.051059032093947576, 'max_depth': 3, 'subsample': 0.9879639408647978, 'colsample_bytree': 0.9329770563201687, 'gamma': 1.0616955533913808, 'reg_alpha': 0.9091248360355031, 'reg_lambda': 0.9170225492671691, 'scale_pos_weight': 11.387150050352467, 'use_label_encoder': False, 'enable_categorical': True, 'eval_metric': 'auc', 'tree_method': 'hist', 'early_stopping_rounds': 50, 'random_state': 42, 'n_jobs': 3}
Fold 1: iters=750, AUC=0.78338
Fold 2: iters=798, AUC=0.79277
Fold 3: iters=765, AUC=0.78551
Fold 4: iters=800, AUC=0.79290
Fold 5: iters=801, AUC=0.78492
Mean AUC: 0.78790
Trial 2, params: {'n_estimators': 652, 'learning_rate': 0.03347776308515933, 'max_depth': 5, 'subsample': 0.7164916560792167, 'colsample_bytree': 0.8447411578889518, 'gamma': 0.6974693032602092, 'reg_alpha': 1.4607232426760908, 'reg_lambda': 1.8318092164684585, 'scale_pos_weight': 11.387150050352467, 'use_label_encoder': False, 'enable_categorical': True, 'eval_metric': 'auc', 'tree_method': 'hist', 'early_stopping_rounds': 50, 'random_state': 42, 'n_jobs': 3}
Fold 1: iters=586, AUC=0.78347
Fold 2: iters=459, AUC=0.79160
Fold 3: iters=542, AUC=0.78512
Fold 4: iters=649, AUC=0.79169
Fold 5: iters=650, AUC=0.78493
Mean AUC: 0.78736
Trial 3, params: {'n_estimators': 728, 'learning_rate': 0.06097839109531514, 'max_depth': 3, 'subsample': 0.8056937753654446, 'colsample_bytree': 0.836965827544817, 'gamma': 0.23225206359998862, 'reg_alpha': 3.0377242595071916, 'reg_lambda': 0.8526206184364576, 'scale_pos_weight': 11.387150050352467, 'use_label_encoder': False, 'enable_categorical': True, 'eval_metric': 'auc', 'tree_method': 'hist', 'early_stopping_rounds': 50, 'random_state': 42, 'n_jobs': 3}
Fold 1: iters=728, AUC=0.78446
Fold 2: iters=727, AUC=0.79417
Fold 3: iters=613, AUC=0.78654
Fold 4: iters=727, AUC=0.79322
Fold 5: iters=718, AUC=0.78601
Mean AUC: 0.78888
Trial 4, params: {'n_estimators': 532, 'learning_rate': 0.08889667907018929, 'max_depth': 7, 'subsample': 0.9233589392465844, 'colsample_bytree': 0.7218455076693483, 'gamma': 0.48836057003191935, 'reg_alpha': 3.4211651325607844, 'reg_lambda': 2.2007624686980067, 'scale_pos_weight': 11.387150050352467, 'use_label_encoder': False, 'enable_categorical': True, 'eval_metric': 'auc', 'tree_method': 'hist', 'early_stopping_rounds': 50, 'random_state': 42, 'n_jobs': 3}
Fold 1: iters=136, AUC=0.77851
Fold 2: iters=83, AUC=0.78486
Fold 3: iters=152, AUC=0.78011
Fold 4: iters=134, AUC=0.78520
Fold 5: iters=139, AUC=0.78039
Mean AUC: 0.78181
Trial 11, params: {'n_estimators': 827, 'learning_rate': 0.052061660762580085, 'max_depth': 4, 'subsample': 0.7784580597232836, 'colsample_bytree': 0.9193086824158574, 'gamma': 1.7939314875484835, 'reg_alpha': 0.3391013388131041, 'reg_lambda': 3.1775857384614605, 'scale_pos_weight': 11.387150050352467, 'use_label_encoder': False, 'enable_categorical': True, 'eval_metric': 'auc', 'tree_method': 'hist', 'early_stopping_rounds': 50, 'random_state': 42, 'n_jobs': 3}
Fold 1: iters=481, AUC=0.78433
Fold 2: iters=394, AUC=0.79274
Fold 3: iters=556, AUC=0.78648
Fold 4: iters=611, AUC=0.79249
Fold 5: iters=577, AUC=0.78437
Mean AUC: 0.78808
Trial 12, params: {'n_estimators': 864, 'learning_rate': 0.05155426043437665, 'max_depth': 4, 'subsample': 0.7853549589092494, 'colsample_bytree': 0.8786566744908333, 'gamma': 2.6388944651501602, 'reg_alpha': 2.343526094439212, 'reg_lambda': 3.384090290478076, 'scale_pos_weight': 11.387150050352467, 'use_label_encoder': False, 'enable_categorical': True, 'eval_metric': 'auc', 'tree_method': 'hist', 'early_stopping_rounds': 50, 'random_state': 42, 'n_jobs': 3}
Fold 1: iters=514, AUC=0.78493
Fold 2: iters=630, AUC=0.79400
Fold 3: iters=579, AUC=0.78656
Fold 4: iters=606, AUC=0.79227
Fold 5: iters=738, AUC=0.78546
Mean AUC: 0.78864
Trial 13, params: {'n_estimators': 894, 'learning_rate': 0.04662574558035198, 'max_depth': 4, 'subsample': 0.8212663057499048, 'colsample_bytree': 0.8604063212686379, 'gamma': 3.042366074216407, 'reg_alpha': 2.6481854353072203, 'reg_lambda': 3.5468869870787625, 'scale_pos_weight': 11.387150050352467, 'use_label_encoder': False, 'enable_categorical': True, 'eval_metric': 'auc', 'tree_method': 'hist', 'early_stopping_rounds': 50, 'random_state': 42, 'n_jobs': 3}
Fold 1: iters=517, AUC=0.78388
Fold 2: iters=719, AUC=0.79413
Fold 3: iters=620, AUC=0.78674
Fold 4: iters=578, AUC=0.79182
Fold 5: iters=862, AUC=0.78621
Mean AUC: 0.78856
Trial 15, params: {'n_estimators': 722, 'learning_rate': 0.024098692006698376, 'max_depth': 4, 'subsample': 0.6662225125541512, 'colsample_bytree': 0.8739392608865626, 'gamma': 3.7465820592610397, 'reg_alpha': 2.428958904760339, 'reg_lambda': 2.829144609038447, 'scale_pos_weight': 11.387150050352467, 'use_label_encoder': False, 'enable_categorical': True, 'eval_metric': 'auc', 'tree_method': 'hist', 'early_stopping_rounds': 50, 'random_state': 42, 'n_jobs': 3}
Fold 1: iters=722, AUC=0.78286
Fold 2: iters=721, AUC=0.79302
Fold 3: iters=722, AUC=0.78535
Fold 4: iters=722, AUC=0.79122
Fold 5: iters=721, AUC=0.78397
Mean AUC: 0.78728
Trial 16, params: {'n_estimators': 969, 'learning_rate': 0.06597083534738646, 'max_depth': 4, 'subsample': 0.8551099215219397, 'colsample_bytree': 0.9980912754488143, 'gamma': 2.275796797499183, 'reg_alpha': 3.3500146915972815, 'reg_lambda': 1.3752031840619212, 'scale_pos_weight': 11.387150050352467, 'use_label_encoder': False, 'enable_categorical': True, 'eval_metric': 'auc', 'tree_method': 'hist', 'early_stopping_rounds': 50, 'random_state': 42, 'n_jobs': 3}
Fold 1: iters=479, AUC=0.78451
Fold 2: iters=372, AUC=0.79311
Fold 3: iters=507, AUC=0.78717
Fold 4: iters=569, AUC=0.79222
Fold 5: iters=633, AUC=0.78583
Mean AUC: 0.78857
Trial 17, params: {'n_estimators': 886, 'learning_rate': 0.0422666594648357, 'max_depth': 3, 'subsample': 0.7721915756830918, 'colsample_bytree': 0.7968111632552757, 'gamma': 1.5457173627151062, 'reg_alpha': 2.077856566724746, 'reg_lambda': 3.8266152955626582, 'scale_pos_weight': 11.387150050352467, 'use_label_encoder': False, 'enable_categorical': True, 'eval_metric': 'auc', 'tree_method': 'hist', 'early_stopping_rounds': 50, 'random_state': 42, 'n_jobs': 3}
Fold 1: iters=885, AUC=0.78468
Fold 2: iters=862, AUC=0.79459
Fold 3: iters=886, AUC=0.78623
Fold 4: iters=884, AUC=0.79289
Fold 5: iters=878, AUC=0.78565
Mean AUC: 0.78881
Trial 21, params: {'n_estimators': 851, 'learning_rate': 0.058476924844322, 'max_depth': 4, 'subsample': 0.787626697173504, 'colsample_bytree': 0.8192084933403653, 'gamma': 2.073770803540089, 'reg_alpha': 2.2299506759640764, 'reg_lambda': 3.3748706277871765, 'scale_pos_weight': 11.387150050352467, 'use_label_encoder': False, 'enable_categorical': True, 'eval_metric': 'auc', 'tree_method': 'hist', 'early_stopping_rounds': 50, 'random_state': 42, 'n_jobs': 3}
Fold 1: iters=514, AUC=0.78474
Fold 2: iters=529, AUC=0.79330
Fold 3: iters=518, AUC=0.78697
Fold 4: iters=444, AUC=0.79217
Fold 5: iters=625, AUC=0.78597
Mean AUC: 0.78863
Trial 22, params: {'n_estimators': 898, 'learning_rate': 0.041801425898729254, 'max_depth': 3, 'subsample': 0.7970432833148609, 'colsample_bytree': 0.8927667771131523, 'gamma': 3.964973997679857, 'reg_alpha': 2.922442043015471, 'reg_lambda': 4.867145705142461, 'scale_pos_weight': 11.387150050352467, 'use_label_encoder': False, 'enable_categorical': True, 'eval_metric': 'auc', 'tree_method': 'hist', 'early_stopping_rounds': 50, 'random_state': 42, 'n_jobs': 3}
Fold 1: iters=879, AUC=0.78490
Fold 2: iters=897, AUC=0.79471
Fold 3: iters=893, AUC=0.78649
Fold 4: iters=898, AUC=0.79287
Fold 5: iters=898, AUC=0.78556
Mean AUC: 0.78891
Trial 23, params: {'n_estimators': 926, 'learning_rate': 0.04078350232649146, 'max_depth': 3, 'subsample': 0.8206039454405303, 'colsample_bytree': 0.9449923596722282, 'gamma': 4.446312711159797, 'reg_alpha': 2.9517576240338945, 'reg_lambda': 4.947306277660576, 'scale_pos_weight': 11.387150050352467, 'use_label_encoder': False, 'enable_categorical': True, 'eval_metric': 'auc', 'tree_method': 'hist', 'early_stopping_rounds': 50, 'random_state': 42, 'n_jobs': 3}
Fold 1: iters=926, AUC=0.78467
Fold 2: iters=919, AUC=0.79464
Fold 3: iters=926, AUC=0.78627
Fold 4: iters=924, AUC=0.79259
Fold 5: iters=925, AUC=0.78529
Mean AUC: 0.78869
Trial 24, params: {'n_estimators': 798, 'learning_rate': 0.07632375634746402, 'max_depth': 3, 'subsample': 0.7473270354541244, 'colsample_bytree': 0.8164918155772776, 'gamma': 3.6386877683560535, 'reg_alpha': 3.468854373340846, 'reg_lambda': 4.586856523598367, 'scale_pos_weight': 11.387150050352467, 'use_label_encoder': False, 'enable_categorical': True, 'eval_metric': 'auc', 'tree_method': 'hist', 'early_stopping_rounds': 50, 'random_state': 42, 'n_jobs': 3}
Fold 1: iters=521, AUC=0.78399
Fold 2: iters=508, AUC=0.79369
Fold 3: iters=456, AUC=0.78629
Fold 4: iters=694, AUC=0.79211
Fold 5: iters=676, AUC=0.78655
Mean AUC: 0.78853
Trial 25, params: {'n_estimators': 720, 'learning_rate': 0.0418259204646815, 'max_depth': 3, 'subsample': 0.66634477959793, 'colsample_bytree': 0.897580995062527, 'gamma': 3.872768434834719, 'reg_alpha': 2.8458146736984276, 'reg_lambda': 4.997067470438426, 'scale_pos_weight': 11.387150050352467, 'use_label_encoder': False, 'enable_categorical': True, 'eval_metric': 'auc', 'tree_method': 'hist', 'early_stopping_rounds': 50, 'random_state': 42, 'n_jobs': 3}
Fold 1: iters=718, AUC=0.78367
Fold 2: iters=720, AUC=0.79434
Fold 3: iters=714, AUC=0.78597
Fold 4: iters=712, AUC=0.79159
Fold 5: iters=720, AUC=0.78463
Mean AUC: 0.78804
Trial 28, params: {'n_estimators': 941, 'learning_rate': 0.03572135158377101, 'max_depth': 4, 'subsample': 0.8740215809041473, 'colsample_bytree': 0.9524502618442356, 'gamma': 3.1580244642994515, 'reg_alpha': 3.1756812108759727, 'reg_lambda': 2.251217658942934, 'scale_pos_weight': 11.387150050352467, 'use_label_encoder': False, 'enable_categorical': True, 'eval_metric': 'auc', 'tree_method': 'hist', 'early_stopping_rounds': 50, 'random_state': 42, 'n_jobs': 3}
Fold 1: iters=853, AUC=0.78512
Fold 2: iters=829, AUC=0.79443
Fold 3: iters=644, AUC=0.78698
Fold 4: iters=941, AUC=0.79350
Fold 5: iters=941, AUC=0.78582
Mean AUC: 0.78917

=== OPTUNA RUN STARTED 2025-07-09 08:54:10.823142 ===
Trial 0, params: {'n_estimators': 950, 'learning_rate': 0.4903586409414129, 'max_depth': 5, 'subsample': 0.9197316968394074, 'colsample_bytree': 0.8312037280884873, 'gamma': 2.8119890406724055, 'reg_alpha': 2.5871254182522994, 'reg_lambda': 2.799264218662403, 'scale_pos_weight': 11.387150050352467, 'use_label_encoder': False, 'enable_categorical': True, 'eval_metric': 'auc', 'tree_method': 'hist', 'early_stopping_rounds': 50, 'random_state': 42, 'n_jobs': 3}
Fold 1: iters=21, AUC=0.76563
Fold 2: iters=26, AUC=0.77715
Fold 3: iters=27, AUC=0.76715
Fold 4: iters=28, AUC=0.77475
Fold 5: iters=22, AUC=0.76786
Mean AUC: 0.77051
Trial 1, params: {'n_estimators': 1041, 'learning_rate': 0.18157670863961803, 'max_depth': 3, 'subsample': 0.9939819704323989, 'colsample_bytree': 0.9664885281600843, 'gamma': 2.9246782213565523, 'reg_alpha': 2.772737450810651, 'reg_lambda': 1.7751067647801508, 'scale_pos_weight': 11.387150050352467, 'use_label_encoder': False, 'enable_categorical': True, 'eval_metric': 'auc', 'tree_method': 'hist', 'early_stopping_rounds': 50, 'random_state': 42, 'n_jobs': 3}
Fold 1: iters=268, AUC=0.78331
Fold 2: iters=202, AUC=0.79196
Fold 3: iters=266, AUC=0.78469
Fold 4: iters=253, AUC=0.79097
Fold 5: iters=260, AUC=0.78500
Mean AUC: 0.78719
Trial 2, params: {'n_estimators': 922, 'learning_rate': 0.08572279149438147, 'max_depth': 4, 'subsample': 0.8582458280396084, 'colsample_bytree': 0.9223705789444759, 'gamma': 2.778987721304084, 'reg_alpha': 2.9382169728028273, 'reg_lambda': 2.0495427649405373, 'scale_pos_weight': 11.387150050352467, 'use_label_encoder': False, 'enable_categorical': True, 'eval_metric': 'auc', 'tree_method': 'hist', 'early_stopping_rounds': 50, 'random_state': 42, 'n_jobs': 3}
Fold 1: iters=322, AUC=0.78354
Fold 2: iters=320, AUC=0.79316
Fold 3: iters=335, AUC=0.78553
Fold 4: iters=428, AUC=0.79239
Fold 5: iters=404, AUC=0.78405
Mean AUC: 0.78773

=== OPTUNA RUN STARTED 2025-07-09 09:35:18.630259 ===
Trial 0, params: {'n_estimators': 950, 'learning_rate': 0.08927180304353628, 'max_depth': 5, 'subsample': 0.9197316968394074, 'colsample_bytree': 0.8312037280884873, 'gamma': 2.8119890406724055, 'reg_alpha': 2.5871254182522994, 'reg_lambda': 2.799264218662403, 'scale_pos_weight': 11.387150050352467, 'use_label_encoder': False, 'enable_categorical': True, 'eval_metric': 'auc', 'tree_method': 'hist', 'early_stopping_rounds': 75, 'random_state': 42, 'n_jobs': 3}
Fold 1: iters=197, AUC=0.78241
Fold 2: iters=212, AUC=0.79015
Fold 3: iters=241, AUC=0.78422
Fold 4: iters=233, AUC=0.78986
Fold 5: iters=288, AUC=0.78262
Mean AUC: 0.78585
Trial 1, params: {'n_estimators': 1041, 'learning_rate': 0.051059032093947576, 'max_depth': 3, 'subsample': 0.9939819704323989, 'colsample_bytree': 0.9664885281600843, 'gamma': 2.9246782213565523, 'reg_alpha': 2.772737450810651, 'reg_lambda': 1.7751067647801508, 'scale_pos_weight': 11.387150050352467, 'use_label_encoder': False, 'enable_categorical': True, 'eval_metric': 'auc', 'tree_method': 'hist', 'early_stopping_rounds': 75, 'random_state': 42, 'n_jobs': 3}
Fold 1: iters=1035, AUC=0.78494
Fold 2: iters=971, AUC=0.79349
Fold 3: iters=892, AUC=0.78592
Fold 4: iters=1041, AUC=0.79347
Fold 5: iters=1029, AUC=0.78605
Mean AUC: 0.78877
Trial 2, params: {'n_estimators': 922, 'learning_rate': 0.03347776308515933, 'max_depth': 4, 'subsample': 0.8582458280396084, 'colsample_bytree': 0.9223705789444759, 'gamma': 2.778987721304084, 'reg_alpha': 2.9382169728028273, 'reg_lambda': 2.0495427649405373, 'scale_pos_weight': 11.387150050352467, 'use_label_encoder': False, 'enable_categorical': True, 'eval_metric': 'auc', 'tree_method': 'hist', 'early_stopping_rounds': 75, 'random_state': 42, 'n_jobs': 3}
Fold 1: iters=922, AUC=0.78485
Fold 2: iters=920, AUC=0.79430
Fold 3: iters=915, AUC=0.78709
Fold 4: iters=897, AUC=0.79387
Fold 5: iters=922, AUC=0.78574
Mean AUC: 0.78917
Trial 3, params: {'n_estimators': 982, 'learning_rate': 0.06097839109531514, 'max_depth': 3, 'subsample': 0.9028468876827224, 'colsample_bytree': 0.9184829137724085, 'gamma': 2.5929008254399957, 'reg_alpha': 3.4113172778521577, 'reg_lambda': 1.7557861855309373, 'scale_pos_weight': 11.387150050352467, 'use_label_encoder': False, 'enable_categorical': True, 'eval_metric': 'auc', 'tree_method': 'hist', 'early_stopping_rounds': 75, 'random_state': 42, 'n_jobs': 3}
Fold 1: iters=755, AUC=0.78529
Fold 2: iters=927, AUC=0.79515
Fold 3: iters=947, AUC=0.78738
Fold 4: iters=881, AUC=0.79334
Fold 5: iters=982, AUC=0.78614
Mean AUC: 0.78946
Trial 4, params: {'n_estimators': 826, 'learning_rate': 0.08889667907018929, 'max_depth': 5, 'subsample': 0.9616794696232922, 'colsample_bytree': 0.8609227538346742, 'gamma': 2.6953442280127677, 'reg_alpha': 3.526349539768235, 'reg_lambda': 2.160228740609402, 'scale_pos_weight': 11.387150050352467, 'use_label_encoder': False, 'enable_categorical': True, 'eval_metric': 'auc', 'tree_method': 'hist', 'early_stopping_rounds': 75, 'random_state': 42, 'n_jobs': 3}
Fold 1: iters=267, AUC=0.78236
Fold 2: iters=235, AUC=0.79220
Fold 3: iters=214, AUC=0.78528
Fold 4: iters=282, AUC=0.79071
Fold 5: iters=282, AUC=0.78333
Mean AUC: 0.78678
Trial 8, params: {'n_estimators': 912, 'learning_rate': 0.03488960745139221, 'max_depth': 3, 'subsample': 0.960439396150808, 'colsample_bytree': 0.8149101287359543, 'gamma': 4.473773873201035, 'reg_alpha': 3.6583671539449862, 'reg_lambda': 1.7980735223012587, 'scale_pos_weight': 11.387150050352467, 'use_label_encoder': False, 'enable_categorical': True, 'eval_metric': 'auc', 'tree_method': 'hist', 'early_stopping_rounds': 75, 'random_state': 42, 'n_jobs': 3}
Fold 1: iters=912, AUC=0.78399
Fold 2: iters=909, AUC=0.79370
Fold 3: iters=911, AUC=0.78558
Fold 4: iters=910, AUC=0.79258
Fold 5: iters=912, AUC=0.78495
Mean AUC: 0.78816
Trial 11, params: {'n_estimators': 1090, 'learning_rate': 0.0356217376515369, 'max_depth': 4, 'subsample': 0.8673343051818819, 'colsample_bytree': 0.917227167337845, 'gamma': 3.297905002931078, 'reg_alpha': 3.209071009986923, 'reg_lambda': 2.429300914700399, 'scale_pos_weight': 11.387150050352467, 'use_label_encoder': False, 'enable_categorical': True, 'eval_metric': 'auc', 'tree_method': 'hist', 'early_stopping_rounds': 75, 'random_state': 42, 'n_jobs': 3}
Fold 1: iters=1089, AUC=0.78522
Fold 2: iters=883, AUC=0.79460
Fold 3: iters=886, AUC=0.78739
Fold 4: iters=960, AUC=0.79362
Fold 5: iters=1048, AUC=0.78687
Mean AUC: 0.78954
Trial 12, params: {'n_estimators': 1096, 'learning_rate': 0.05034091977118482, 'max_depth': 4, 'subsample': 0.8815514446989131, 'colsample_bytree': 0.9306006320288427, 'gamma': 3.555557786060064, 'reg_alpha': 3.2030578283317634, 'reg_lambda': 2.5152270871434226, 'scale_pos_weight': 11.387150050352467, 'use_label_encoder': False, 'enable_categorical': True, 'eval_metric': 'auc', 'tree_method': 'hist', 'early_stopping_rounds': 75, 'random_state': 42, 'n_jobs': 3}
Fold 1: iters=578, AUC=0.78502
Fold 2: iters=510, AUC=0.79390
Fold 3: iters=648, AUC=0.78642
Fold 4: iters=655, AUC=0.79325
Fold 5: iters=676, AUC=0.78609
Mean AUC: 0.78894
Trial 13, params: {'n_estimators': 1109, 'learning_rate': 0.023373164440954827, 'max_depth': 4, 'subsample': 0.8366967552133733, 'colsample_bytree': 0.894318474476826, 'gamma': 3.278106910595636, 'reg_alpha': 3.294455630592166, 'reg_lambda': 2.4991033500935047, 'scale_pos_weight': 11.387150050352467, 'use_label_encoder': False, 'enable_categorical': True, 'eval_metric': 'auc', 'tree_method': 'hist', 'early_stopping_rounds': 75, 'random_state': 42, 'n_jobs': 3}
Fold 1: iters=1109, AUC=0.78509
Fold 2: iters=1104, AUC=0.79407
Fold 3: iters=1103, AUC=0.78684
Fold 4: iters=1109, AUC=0.79347
Fold 5: iters=1107, AUC=0.78639
Mean AUC: 0.78917
Trial 14, params: {'n_estimators': 1062, 'learning_rate': 0.05075165190513937, 'max_depth': 3, 'subsample': 0.9089122765919018, 'colsample_bytree': 0.9459669659063403, 'gamma': 3.798204395613669, 'reg_alpha': 3.186760610025082, 'reg_lambda': 2.449697146074928, 'scale_pos_weight': 11.387150050352467, 'use_label_encoder': False, 'enable_categorical': True, 'eval_metric': 'auc', 'tree_method': 'hist', 'early_stopping_rounds': 75, 'random_state': 42, 'n_jobs': 3}
Fold 1: iters=1055, AUC=0.78522
Fold 2: iters=880, AUC=0.79483
Fold 3: iters=1012, AUC=0.78678
Fold 4: iters=1051, AUC=0.79411
Fold 5: iters=1038, AUC=0.78664
Mean AUC: 0.78952
Trial 19, params: {'n_estimators': 1143, 'learning_rate': 0.04312232342030246, 'max_depth': 3, 'subsample': 0.8001834702190154, 'colsample_bytree': 0.9770830449515557, 'gamma': 3.1982079346586, 'reg_alpha': 3.5409031407516514, 'reg_lambda': 2.3991223816146032, 'scale_pos_weight': 11.387150050352467, 'use_label_encoder': False, 'enable_categorical': True, 'eval_metric': 'auc', 'tree_method': 'hist', 'early_stopping_rounds': 75, 'random_state': 42, 'n_jobs': 3}
Fold 1: iters=1134, AUC=0.78597
Fold 2: iters=1057, AUC=0.79496
Fold 3: iters=1053, AUC=0.78658
Fold 4: iters=1100, AUC=0.79331
Fold 5: iters=1139, AUC=0.78702
Mean AUC: 0.78957
Trial 21, params: {'n_estimators': 1054, 'learning_rate': 0.049594826229139424, 'max_depth': 3, 'subsample': 0.83118605674385, 'colsample_bytree': 0.9631573383884496, 'gamma': 3.3051090433736903, 'reg_alpha': 3.5668542860202903, 'reg_lambda': 2.42217887048567, 'scale_pos_weight': 11.387150050352467, 'use_label_encoder': False, 'enable_categorical': True, 'eval_metric': 'auc', 'tree_method': 'hist', 'early_stopping_rounds': 75, 'random_state': 42, 'n_jobs': 3}
Fold 1: iters=1054, AUC=0.78560
Fold 2: iters=1051, AUC=0.79528
Fold 3: iters=1053, AUC=0.78707
Fold 4: iters=1047, AUC=0.79350
Fold 5: iters=985, AUC=0.78684
Mean AUC: 0.78966
Trial 23, params: {'n_estimators': 1123, 'learning_rate': 0.04153288140539715, 'max_depth': 3, 'subsample': 0.8191087671241011, 'colsample_bytree': 0.969867338565681, 'gamma': 3.1909179766083815, 'reg_alpha': 3.8290244740775923, 'reg_lambda': 2.984191883298173, 'scale_pos_weight': 11.387150050352467, 'use_label_encoder': False, 'enable_categorical': True, 'eval_metric': 'auc', 'tree_method': 'hist', 'early_stopping_rounds': 75, 'random_state': 42, 'n_jobs': 3}
Fold 1: iters=1122, AUC=0.78552
Fold 2: iters=1086, AUC=0.79504
Fold 3: iters=1123, AUC=0.78714
Fold 4: iters=1121, AUC=0.79323
Fold 5: iters=1120, AUC=0.78644
Mean AUC: 0.78947
Trial 24, params: {'n_estimators': 1182, 'learning_rate': 0.07095993631254202, 'max_depth': 3, 'subsample': 0.8541896885828251, 'colsample_bytree': 0.9626834915117981, 'gamma': 3.4701614908887666, 'reg_alpha': 3.502250414617147, 'reg_lambda': 2.6568691702176337, 'scale_pos_weight': 11.387150050352467, 'use_label_encoder': False, 'enable_categorical': True, 'eval_metric': 'auc', 'tree_method': 'hist', 'early_stopping_rounds': 75, 'random_state': 42, 'n_jobs': 3}
Fold 1: iters=844, AUC=0.78545
Fold 2: iters=788, AUC=0.79526
Fold 3: iters=623, AUC=0.78682
Fold 4: iters=794, AUC=0.79387
Fold 5: iters=584, AUC=0.78526
Mean AUC: 0.78933
Trial 26, params: {'n_estimators': 1042, 'learning_rate': 0.05558810799284791, 'max_depth': 3, 'subsample': 0.8787759145726666, 'colsample_bytree': 0.9105365550107795, 'gamma': 3.633742017324177, 'reg_alpha': 3.5602493930649466, 'reg_lambda': 2.183731116122563, 'scale_pos_weight': 11.387150050352467, 'use_label_encoder': False, 'enable_categorical': True, 'eval_metric': 'auc', 'tree_method': 'hist', 'early_stopping_rounds': 75, 'random_state': 42, 'n_jobs': 3}
Fold 1: iters=1009, AUC=0.78546
Fold 2: iters=988, AUC=0.79573
Fold 3: iters=986, AUC=0.78724
Fold 4: iters=1042, AUC=0.79320
Fold 5: iters=1041, AUC=0.78696
Mean AUC: 0.78972
Trial 27, params: {'n_estimators': 1036, 'learning_rate': 0.057859349298364504, 'max_depth': 3, 'subsample': 0.8185103448007417, 'colsample_bytree': 0.9839538932946069, 'gamma': 3.6460444326186687, 'reg_alpha': 3.587256563716503, 'reg_lambda': 1.9896244539138759, 'scale_pos_weight': 11.387150050352467, 'use_label_encoder': False, 'enable_categorical': True, 'eval_metric': 'auc', 'tree_method': 'hist', 'early_stopping_rounds': 75, 'random_state': 42, 'n_jobs': 3}
Fold 1: iters=1021, AUC=0.78569
Fold 2: iters=994, AUC=0.79481
Fold 3: iters=1009, AUC=0.78643
Fold 4: iters=1012, AUC=0.79307
Fold 5: iters=1036, AUC=0.78702
Mean AUC: 0.78940
Trial 29, params: {'n_estimators': 943, 'learning_rate': 0.09417239643733648, 'max_depth': 3, 'subsample': 0.8041055298032621, 'colsample_bytree': 0.873729047473076, 'gamma': 3.481380474459682, 'reg_alpha': 3.858066701533749, 'reg_lambda': 1.8910929994895325, 'scale_pos_weight': 11.387150050352467, 'use_label_encoder': False, 'enable_categorical': True, 'eval_metric': 'auc', 'tree_method': 'hist', 'early_stopping_rounds': 75, 'random_state': 42, 'n_jobs': 3}
Fold 1: iters=515, AUC=0.78490
Fold 2: iters=597, AUC=0.79475
Fold 3: iters=620, AUC=0.78679
Fold 4: iters=456, AUC=0.79249
Fold 5: iters=679, AUC=0.78704
Mean AUC: 0.78919
Trial 30, params: {'n_estimators': 1033, 'learning_rate': 0.046665400537306174, 'max_depth': 3, 'subsample': 0.8216422125877044, 'colsample_bytree': 0.9576237172868479, 'gamma': 3.6933397234406917, 'reg_alpha': 3.6759762559122504, 'reg_lambda': 2.22213589982249, 'scale_pos_weight': 11.387150050352467, 'use_label_encoder': False, 'enable_categorical': True, 'eval_metric': 'auc', 'tree_method': 'hist', 'early_stopping_rounds': 75, 'random_state': 42, 'n_jobs': 3}
Fold 1: iters=1033, AUC=0.78533
Fold 2: iters=1027, AUC=0.79504
Fold 3: iters=1026, AUC=0.78721
Fold 4: iters=1012, AUC=0.79327
Fold 5: iters=994, AUC=0.78663
Mean AUC: 0.78950
Trial 31, params: {'n_estimators': 1137, 'learning_rate': 0.03833413723294594, 'max_depth': 3, 'subsample': 0.8717917001577455, 'colsample_bytree': 0.9054978092290988, 'gamma': 3.1766803877765324, 'reg_alpha': 3.4705621111672396, 'reg_lambda': 2.3734465969587477, 'scale_pos_weight': 11.387150050352467, 'use_label_encoder': False, 'enable_categorical': True, 'eval_metric': 'auc', 'tree_method': 'hist', 'early_stopping_rounds': 75, 'random_state': 42, 'n_jobs': 3}
Fold 1: iters=1137, AUC=0.78538
Fold 2: iters=1137, AUC=0.79504
Fold 3: iters=1044, AUC=0.78663
Fold 4: iters=1137, AUC=0.79314
Fold 5: iters=1137, AUC=0.78644
Mean AUC: 0.78933
Trial 33, params: {'n_estimators': 1082, 'learning_rate': 0.037581029102791694, 'max_depth': 3, 'subsample': 0.8478833025989676, 'colsample_bytree': 0.973543215927509, 'gamma': 2.8669773352101258, 'reg_alpha': 3.546221811679799, 'reg_lambda': 2.4265102223453856, 'scale_pos_weight': 11.387150050352467, 'use_label_encoder': False, 'enable_categorical': True, 'eval_metric': 'auc', 'tree_method': 'hist', 'early_stopping_rounds': 75, 'random_state': 42, 'n_jobs': 3}
Fold 1: iters=1060, AUC=0.78483
Fold 2: iters=1082, AUC=0.79502
Fold 3: iters=1082, AUC=0.78678
Fold 4: iters=1077, AUC=0.79288
Fold 5: iters=1079, AUC=0.78676
Mean AUC: 0.78925
Trial 40, params: {'n_estimators': 1096, 'learning_rate': 0.048514475686231295, 'max_depth': 3, 'subsample': 0.8981883384271963, 'colsample_bytree': 0.9988123299318683, 'gamma': 3.0048790165170813, 'reg_alpha': 3.558661994608176, 'reg_lambda': 2.2223894022057773, 'scale_pos_weight': 11.387150050352467, 'use_label_encoder': False, 'enable_categorical': True, 'eval_metric': 'auc', 'tree_method': 'hist', 'early_stopping_rounds': 75, 'random_state': 42, 'n_jobs': 3}
Fold 1: iters=1093, AUC=0.78562
Fold 2: iters=1056, AUC=0.79523
Fold 3: iters=1096, AUC=0.78667
Fold 4: iters=977, AUC=0.79378
Fold 5: iters=968, AUC=0.78616
Mean AUC: 0.78949
Trial 43, params: {'n_estimators': 1079, 'learning_rate': 0.06185705291979625, 'max_depth': 3, 'subsample': 0.9103273504563144, 'colsample_bytree': 0.9398839215814017, 'gamma': 3.389963785540058, 'reg_alpha': 3.1231536511730553, 'reg_lambda': 2.4183653481152163, 'scale_pos_weight': 11.387150050352467, 'use_label_encoder': False, 'enable_categorical': True, 'eval_metric': 'auc', 'tree_method': 'hist', 'early_stopping_rounds': 75, 'random_state': 42, 'n_jobs': 3}
Fold 1: iters=974, AUC=0.78534
Fold 2: iters=1025, AUC=0.79571
Fold 3: iters=967, AUC=0.78645
Fold 4: iters=923, AUC=0.79403
Fold 5: iters=875, AUC=0.78622
Mean AUC: 0.78955
Trial 50, params: {'n_estimators': 1176, 'learning_rate': 0.07022426726516831, 'max_depth': 3, 'subsample': 0.877324799663324, 'colsample_bytree': 0.9289289237043163, 'gamma': 3.2796656677985436, 'reg_alpha': 3.3106735656075346, 'reg_lambda': 2.339945637031761, 'scale_pos_weight': 11.387150050352467, 'use_label_encoder': False, 'enable_categorical': True, 'eval_metric': 'auc', 'tree_method': 'hist', 'early_stopping_rounds': 75, 'random_state': 42, 'n_jobs': 3}
Fold 1: iters=678, AUC=0.78496
Fold 2: iters=694, AUC=0.79520
Fold 3: iters=730, AUC=0.78665
Fold 4: iters=803, AUC=0.79304
Fold 5: iters=777, AUC=0.78562
Mean AUC: 0.78909
Trial 51, params: {'n_estimators': 1067, 'learning_rate': 0.052520475383980386, 'max_depth': 3, 'subsample': 0.9094506097313023, 'colsample_bytree': 0.9500601923064939, 'gamma': 3.7620692099578985, 'reg_alpha': 3.2207611978072297, 'reg_lambda': 2.4707047565346834, 'scale_pos_weight': 11.387150050352467, 'use_label_encoder': False, 'enable_categorical': True, 'eval_metric': 'auc', 'tree_method': 'hist', 'early_stopping_rounds': 75, 'random_state': 42, 'n_jobs': 3}
Fold 1: iters=752, AUC=0.78477
Fold 2: iters=919, AUC=0.79530
Fold 3: iters=941, AUC=0.78678
Fold 4: iters=837, AUC=0.79376
Fold 5: iters=874, AUC=0.78626
Mean AUC: 0.78937

Beste AUC: 0.78972
Beste Parameter:
n_estimators: 1042
learning_rate: 0.05558810799284791
max_depth: 3
subsample: 0.8787759145726666
colsample_bytree: 0.9105365550107795
gamma: 3.633742017324177
reg_alpha: 3.5602493930649466
reg_lambda: 2.183731116122563
